<?xml version="1.0" encoding="UTF-8"?>
<!-- Generated by org.testng.reporters.JUnitReportReporter -->
<testsuite hostname="DESKTOP-URE915C" failures="0" tests="1" name="Nahid.Automation.FirstAutomation" time="13.218" errors="0" timestamp="2023-06-10T22:57:44 BDT" skipped="0">
  <testcase classname="Nahid.Automation.FirstAutomation" name="firstTest" time="13.218"/>
</testsuite> <!-- Nahid.Automation.FirstAutomation -->
