<?xml version="1.0" encoding="UTF-8"?>
<!-- Generated by org.testng.reporters.JUnitReportReporter -->
<testsuite hostname="DESKTOP-URE915C" failures="0" tests="1" name="Nahid.Automation.TestExample" time="0.012" errors="0" timestamp="2023-06-11T21:58:46 BDT" skipped="0">
  <testcase classname="Nahid.Automation.TestExample" name="firstTest" time="0.012"/>
</testsuite> <!-- Nahid.Automation.TestExample -->
