<?xml version="1.0" encoding="UTF-8"?>
<!-- Generated by org.testng.reporters.JUnitReportReporter -->
<testsuite hostname="DESKTOP-URE915C" failures="0" tests="2" name="Nahid.Automation.TestNgExample" time="0.009" errors="0" timestamp="2023-06-13T12:20:41 BDT" skipped="0">
  <testcase classname="Nahid.Automation.TestNgExample" name="firstTest" time="0.007"/>
  <testcase classname="Nahid.Automation.TestNgExample" name="secondTest" time="0.002"/>
</testsuite> <!-- Nahid.Automation.TestNgExample -->
